C:\USERS\NATASHA\DOCUMENTS\GITHUB\DATACONF\DATACONF\RELEASE\DATACONF.OBJ
C:\USERS\NATASHA\DOCUMENTS\GITHUB\DATACONF\DATACONF\RELEASE\VC110.PDB
C:\USERS\NATASHA\DOCUMENTS\GITHUB\DATACONF\RELEASE\DATACONF.EXE
C:\USERS\NATASHA\DOCUMENTS\GITHUB\DATACONF\RELEASE\DATACONF.PDB
C:\USERS\NATASHA\DOCUMENTS\GITHUB\DATACONF\DATACONF\RELEASE\RESFILE.RES
C:\Users\natasha\Documents\GitHub\Dataconf\Dataconf\Release\Dataconf.obj
C:\Users\natasha\Documents\GitHub\Dataconf\Dataconf\Release\cl.command.1.tlog
C:\Users\natasha\Documents\GitHub\Dataconf\Dataconf\Release\CL.read.1.tlog
C:\Users\natasha\Documents\GitHub\Dataconf\Dataconf\Release\CL.write.1.tlog
C:\Users\natasha\Documents\GitHub\Dataconf\Dataconf\Release\link-cvtres.read.1.tlog
C:\Users\natasha\Documents\GitHub\Dataconf\Dataconf\Release\link-cvtres.write.1.tlog
C:\Users\natasha\Documents\GitHub\Dataconf\Dataconf\Release\link-rc.read.1.tlog
C:\Users\natasha\Documents\GitHub\Dataconf\Dataconf\Release\link-rc.write.1.tlog
C:\Users\natasha\Documents\GitHub\Dataconf\Dataconf\Release\link.command.1.tlog
C:\Users\natasha\Documents\GitHub\Dataconf\Dataconf\Release\link.read.1.tlog
C:\Users\natasha\Documents\GitHub\Dataconf\Dataconf\Release\link.write.1.tlog
C:\Users\natasha\Documents\GitHub\Dataconf\Dataconf\Release\rc.command.1.tlog
C:\Users\natasha\Documents\GitHub\Dataconf\Dataconf\Release\rc.read.1.tlog
C:\Users\natasha\Documents\GitHub\Dataconf\Dataconf\Release\rc.write.1.tlog
C:\Users\natasha\Documents\GitHub\Dataconf\Dataconf\Release\resfile.res
C:\Users\natasha\Documents\GitHub\Dataconf\Dataconf\Release\vc110.pdb
C:\Users\natasha\Documents\GitHub\Dataconf\Release\Dataconf.pdb
C:\Users\natasha\Documents\GitHub\Dataconf\Release\Dataconf.exe
